Unknown pakcage: python-os
Unknown pakcage: python-sys
Unknown pakcage: python-setup
Unknown pakcage: python-get-python-lib
Unknown package: None
Unknown package: python-install
Unknown package: None
Unknown package: python-existing-path
Sourcepython-django
Sectionpython
Priorityoptional
MaintainerMichael Ivanov <mivanov@mirantis.com>
Build-Depends{'python-setuptools': {}, 'debhelper': set([('>=', '9')]), 'python-dev': {}, 'python-all': {}}
Build-Depends-IndepNone
Standards-Version3.9.4
Homepage<insert the upstream URL, if relevant>
Packagepython-django
Architectureany
Depends{'${shlibs:Depends}': {}, '${misc:Depends}': {}}
Description<insert up to 60 chars description>
